<?xml version="1.0" encoding="UTF-8"?>
<testng-results skipped="1" failed="1" ignored="2" total="8" passed="4">
  <reporter-output>
  </reporter-output>
  <suite name="Default suite" duration-ms="20929" started-at="2022-03-15T19:18:08 IST" finished-at="2022-03-15T19:18:29 IST">
    <groups>
    </groups>
    <test name="Default test" duration-ms="20929" started-at="2022-03-15T19:18:08 IST" finished-at="2022-03-15T19:18:29 IST">
      <class name="report.AllureReport">
        <test-method status="PASS" signature="SearchForProduct()[pri:0, instance:report.AllureReport@30ee2816]" name="SearchForProduct" duration-ms="46" started-at="2022-03-15T19:18:08 IST" finished-at="2022-03-15T19:18:09 IST">
          <reporter-output>
          </reporter-output>
        </test-method> <!-- SearchForProduct -->
        <test-method status="PASS" signature="loginToApplication()[pri:0, instance:report.AllureReport@30ee2816]" name="loginToApplication" duration-ms="4" started-at="2022-03-15T19:18:09 IST" finished-at="2022-03-15T19:18:09 IST">
          <reporter-output>
          </reporter-output>
        </test-method> <!-- loginToApplication -->
        <test-method status="PASS" signature="removeProductFromCart()[pri:0, instance:report.AllureReport@30ee2816]" name="removeProductFromCart" duration-ms="3" started-at="2022-03-15T19:18:09 IST" finished-at="2022-03-15T19:18:09 IST">
          <reporter-output>
          </reporter-output>
        </test-method> <!-- removeProductFromCart -->
      </class> <!-- report.AllureReport -->
      <class name="base.BaseClass">
        <test-method status="PASS" signature="configBS()[pri:0, instance:base.BaseClass@20ce78ec]" name="configBS" is-config="true" duration-ms="220" started-at="2022-03-15T19:18:08 IST" finished-at="2022-03-15T19:18:08 IST">
          <reporter-output>
          </reporter-output>
        </test-method> <!-- configBS -->
        <test-method status="PASS" signature="configAS()[pri:0, instance:base.BaseClass@20ce78ec]" name="configAS" is-config="true" duration-ms="367" started-at="2022-03-15T19:18:29 IST" finished-at="2022-03-15T19:18:30 IST">
          <reporter-output>
          </reporter-output>
        </test-method> <!-- configAS -->
      </class> <!-- base.BaseClass -->
      <class name="report.TestRun">
        <test-method status="PASS" signature="launchBrowser()[pri:0, instance:report.TestRun@393671df]" name="launchBrowser" is-config="true" duration-ms="3797" started-at="2022-03-15T19:18:09 IST" finished-at="2022-03-15T19:18:12 IST">
          <reporter-output>
          </reporter-output>
        </test-method> <!-- launchBrowser -->
        <test-method status="PASS" signature="login()[pri:0, instance:report.TestRun@393671df]" name="login" is-config="true" duration-ms="2168" started-at="2022-03-15T19:18:12 IST" finished-at="2022-03-15T19:18:15 IST">
          <reporter-output>
          </reporter-output>
        </test-method> <!-- login -->
        <test-method status="PASS" signature="test1()[pri:0, instance:report.TestRun@393671df]" name="test1" duration-ms="3580" started-at="2022-03-15T19:18:15 IST" finished-at="2022-03-15T19:18:18 IST">
          <reporter-output>
          </reporter-output>
        </test-method> <!-- test1 -->
        <test-method status="PASS" signature="logOut(org.testng.ITestResult)[pri:0, instance:report.TestRun@393671df]" name="logOut" is-config="true" duration-ms="1108" started-at="2022-03-15T19:18:18 IST" finished-at="2022-03-15T19:18:19 IST">
          <params>
            <param index="0">
              <value>
                <![CDATA[[TestResult name=test1 status=SUCCESS method=TestRun.test1()[pri:0, instance:report.TestRun@393671df] output={null}]]]>
              </value>
            </param>
          </params>
          <reporter-output>
          </reporter-output>
        </test-method> <!-- logOut -->
        <test-method status="PASS" signature="login()[pri:0, instance:report.TestRun@393671df]" name="login" is-config="true" duration-ms="1825" started-at="2022-03-15T19:18:19 IST" finished-at="2022-03-15T19:18:21 IST">
          <reporter-output>
          </reporter-output>
        </test-method> <!-- login -->
        <test-method status="FAIL" signature="test2()[pri:0, instance:report.TestRun@393671df]" name="test2" duration-ms="6" started-at="2022-03-15T19:18:21 IST" finished-at="2022-03-15T19:18:21 IST">
          <exception class="java.lang.AssertionError">
            <message>
              <![CDATA[null]]>
            </message>
            <full-stacktrace>
              <![CDATA[java.lang.AssertionError: null
at org.testng.Assert.fail(Assert.java:99)
at org.testng.Assert.fail(Assert.java:106)
at report.TestRun.test2(TestRun.java:33)
at sun.reflect.NativeMethodAccessorImpl.invoke0(Native Method)
at sun.reflect.NativeMethodAccessorImpl.invoke(NativeMethodAccessorImpl.java:62)
at sun.reflect.DelegatingMethodAccessorImpl.invoke(DelegatingMethodAccessorImpl.java:43)
at java.lang.reflect.Method.invoke(Method.java:498)
at org.testng.internal.MethodInvocationHelper.invokeMethod(MethodInvocationHelper.java:133)
at org.testng.internal.TestInvoker.invokeMethod(TestInvoker.java:598)
at org.testng.internal.TestInvoker.invokeTestMethod(TestInvoker.java:173)
at org.testng.internal.MethodRunner.runInSequence(MethodRunner.java:46)
at org.testng.internal.TestInvoker$MethodInvocationAgent.invoke(TestInvoker.java:824)
at org.testng.internal.TestInvoker.invokeTestMethods(TestInvoker.java:146)
at org.testng.internal.TestMethodWorker.invokeTestMethods(TestMethodWorker.java:146)
at org.testng.internal.TestMethodWorker.run(TestMethodWorker.java:128)
at java.util.ArrayList.forEach(ArrayList.java:1257)
at org.testng.TestRunner.privateRun(TestRunner.java:794)
at org.testng.TestRunner.run(TestRunner.java:596)
at org.testng.SuiteRunner.runTest(SuiteRunner.java:377)
at org.testng.SuiteRunner.runSequentially(SuiteRunner.java:371)
at org.testng.SuiteRunner.privateRun(SuiteRunner.java:332)
at org.testng.SuiteRunner.run(SuiteRunner.java:276)
at org.testng.SuiteRunnerWorker.runSuite(SuiteRunnerWorker.java:53)
at org.testng.SuiteRunnerWorker.run(SuiteRunnerWorker.java:96)
at org.testng.TestNG.runSuitesSequentially(TestNG.java:1212)
at org.testng.TestNG.runSuitesLocally(TestNG.java:1134)
at org.testng.TestNG.runSuites(TestNG.java:1063)
at org.testng.TestNG.run(TestNG.java:1031)
at org.testng.remote.AbstractRemoteTestNG.run(AbstractRemoteTestNG.java:115)
at org.testng.remote.RemoteTestNG.initAndRun(RemoteTestNG.java:251)
at org.testng.remote.RemoteTestNG.main(RemoteTestNG.java:77)
]]>
            </full-stacktrace>
          </exception> <!-- java.lang.AssertionError -->
          <reporter-output>
          </reporter-output>
        </test-method> <!-- test2 -->
        <test-method status="PASS" signature="logOut(org.testng.ITestResult)[pri:0, instance:report.TestRun@393671df]" name="logOut" is-config="true" duration-ms="2735" started-at="2022-03-15T19:18:21 IST" finished-at="2022-03-15T19:18:24 IST">
          <params>
            <param index="0">
              <value>
                <![CDATA[[TestResult name=test2 status=FAILURE method=TestRun.test2()[pri:0, instance:report.TestRun@393671df] output={null}]]]>
              </value>
            </param>
          </params>
          <reporter-output>
          </reporter-output>
        </test-method> <!-- logOut -->
        <test-method status="PASS" signature="login()[pri:0, instance:report.TestRun@393671df]" name="login" is-config="true" duration-ms="1660" started-at="2022-03-15T19:18:24 IST" finished-at="2022-03-15T19:18:25 IST">
          <reporter-output>
          </reporter-output>
        </test-method> <!-- login -->
        <test-method status="SKIP" signature="test3()[pri:0, instance:report.TestRun@393671df]" name="test3" duration-ms="4" started-at="2022-03-15T19:18:25 IST" finished-at="2022-03-15T19:18:25 IST">
          <exception class="org.testng.SkipException">
            <message>
              <![CDATA[Test3 got skipped]]>
            </message>
            <full-stacktrace>
              <![CDATA[org.testng.SkipException: Test3 got skipped
at report.TestRun.test3(TestRun.java:39)
at sun.reflect.NativeMethodAccessorImpl.invoke0(Native Method)
at sun.reflect.NativeMethodAccessorImpl.invoke(NativeMethodAccessorImpl.java:62)
at sun.reflect.DelegatingMethodAccessorImpl.invoke(DelegatingMethodAccessorImpl.java:43)
at java.lang.reflect.Method.invoke(Method.java:498)
at org.testng.internal.MethodInvocationHelper.invokeMethod(MethodInvocationHelper.java:133)
at org.testng.internal.TestInvoker.invokeMethod(TestInvoker.java:598)
at org.testng.internal.TestInvoker.invokeTestMethod(TestInvoker.java:173)
at org.testng.internal.MethodRunner.runInSequence(MethodRunner.java:46)
at org.testng.internal.TestInvoker$MethodInvocationAgent.invoke(TestInvoker.java:824)
at org.testng.internal.TestInvoker.invokeTestMethods(TestInvoker.java:146)
at org.testng.internal.TestMethodWorker.invokeTestMethods(TestMethodWorker.java:146)
at org.testng.internal.TestMethodWorker.run(TestMethodWorker.java:128)
at java.util.ArrayList.forEach(ArrayList.java:1257)
at org.testng.TestRunner.privateRun(TestRunner.java:794)
at org.testng.TestRunner.run(TestRunner.java:596)
at org.testng.SuiteRunner.runTest(SuiteRunner.java:377)
at org.testng.SuiteRunner.runSequentially(SuiteRunner.java:371)
at org.testng.SuiteRunner.privateRun(SuiteRunner.java:332)
at org.testng.SuiteRunner.run(SuiteRunner.java:276)
at org.testng.SuiteRunnerWorker.runSuite(SuiteRunnerWorker.java:53)
at org.testng.SuiteRunnerWorker.run(SuiteRunnerWorker.java:96)
at org.testng.TestNG.runSuitesSequentially(TestNG.java:1212)
at org.testng.TestNG.runSuitesLocally(TestNG.java:1134)
at org.testng.TestNG.runSuites(TestNG.java:1063)
at org.testng.TestNG.run(TestNG.java:1031)
at org.testng.remote.AbstractRemoteTestNG.run(AbstractRemoteTestNG.java:115)
at org.testng.remote.RemoteTestNG.initAndRun(RemoteTestNG.java:251)
at org.testng.remote.RemoteTestNG.main(RemoteTestNG.java:77)
]]>
            </full-stacktrace>
          </exception> <!-- org.testng.SkipException -->
          <reporter-output>
          </reporter-output>
        </test-method> <!-- test3 -->
        <test-method status="PASS" signature="logOut(org.testng.ITestResult)[pri:0, instance:report.TestRun@393671df]" name="logOut" is-config="true" duration-ms="2887" started-at="2022-03-15T19:18:25 IST" finished-at="2022-03-15T19:18:28 IST">
          <params>
            <param index="0">
              <value>
                <![CDATA[[TestResult name=test3 status=SKIP method=TestRun.test3()[pri:0, instance:report.TestRun@393671df] output={null}]]]>
              </value>
            </param>
          </params>
          <reporter-output>
          </reporter-output>
        </test-method> <!-- logOut -->
        <test-method status="PASS" signature="quitBrowser()[pri:0, instance:report.TestRun@393671df]" name="quitBrowser" is-config="true" duration-ms="977" started-at="2022-03-15T19:18:28 IST" finished-at="2022-03-15T19:18:29 IST">
          <reporter-output>
          </reporter-output>
        </test-method> <!-- quitBrowser -->
      </class> <!-- report.TestRun -->
    </test> <!-- Default test -->
  </suite> <!-- Default suite -->
</testng-results>
